----- Example 1 -----
[vrange=1-1, python] STACK 4 cards
write: t.dat, version=1, cards=4, bytes=60
[vrange=1-1, nodejs] DRAW 2 cards
read: t.dat, version=1, cards=4, bytes=60
card pop: Blue 9 Blue 9
write: t.dat, version=1, cards=2, bytes=36
cards left 2
[vrange=1-1, cpp] DRAW 2 cards
read: t.dat, version= 1, cards=2, bytes=36
card pop: Blue 8 Blue 8
write: t.dat, version=1, cards=0, bytes=12
cards left 0

----- Example 2 -----
[vrange=1-1, nodejs] STACK 7 cards
write: t.dat, version=1, cards=7, bytes=96
[vrange=1-1, cpp] DRAW 4 cards
read: t.dat, version= 1, cards=7, bytes=96
card pop: Blue 9 Blue 9 Blue 8 Blue 8
write: t.dat, version=1, cards=3, bytes=48
cards left 3
[vrange=1-1, python] DRAW 3 cards
read: t.dat, version=1, cards=3, bytes=48
card pop: Blue 7 Blue 7 Blue 6
write: t.dat, version=1, cards=0, bytes=12
cards left 0

----- Example 3 -----
[vrange=1-1, cpp] STACK 5 cards
write: t.dat, version=1, cards=100, bytes=1262
[vrange=1-1, python] DRAW 3 cards
read: t.dat, version=1, cards=100, bytes=1262
card pop: Blue 9 Blue 9 Blue 8
write: t.dat, version=1, cards=97, bytes=1226
cards left 97
[vrange=1-1, nodejs] DRAW 2 cards
read: t.dat, version=1, cards=97, bytes=1226
card pop: Blue 8 Blue 7
write: t.dat, version=1, cards=95, bytes=1202
cards left 95

